{"uid":"124129c19810a0b3","name":"Validate Council Output [KirkleesCouncil]","fullName":"features/validate_council_outputs.feature:Validate Council Output","historyId":"2f6e35714aa3faf6e527401d2be1436f","time":{"start":1722988689077,"stop":1722988706735,"duration":17658},"status":"failed","statusMessage":"selenium.common.exceptions.TimeoutException: Message: \nStacktrace:\n#0 0x562a997086ba <unknown>\n#1 0x562a993d8730 <unknown>\n#2 0x562a99427d9b <unknown>\n#3 0x562a99428081 <unknown>\n#4 0x562a9946bcd4 <unknown>\n#5 0x562a9944aa7d <unknown>\n#6 0x562a994691ca <unknown>\n#7 0x562a9944a7f3 <unknown>\n#8 0x562a9941aec9 <unknown>\n#9 0x562a9941b91e <unknown>\n#10 0x562a996ce9eb <unknown>\n#11 0x562a996d2972 <unknown>\n#12 0x562a996bbe15 <unknown>\n#13 0x562a996d3502 <unknown>\n#14 0x562a996a0d2f <unknown>\n#15 0x562a996f7578 <unknown>\n#16 0x562a996f7750 <unknown>\n#17 0x562a9970748c <unknown>\n#18 0x7fcf514fca94 <unknown>\n#19 0x7fcf51589a34 __clone","statusTrace":"fixturefunc = <function scrape_step at 0x7f80802a2a20>\nrequest = <FixtureRequest for <Function test_scenario_outline[KirkleesCouncil]>>\nkwargs = {'context': <test_validate_council.Context object at 0x7f8080f48170>, 'headless_mode': 'True', 'local_browser': 'False', 'selenium_url': 'http://localhost:4444'}\n\n    def call_fixture_func(\n        fixturefunc: _FixtureFunc[FixtureValue], request: FixtureRequest, kwargs\n    ) -> FixtureValue:\n        if is_generator(fixturefunc):\n            fixturefunc = cast(\n                Callable[..., Generator[FixtureValue, None, None]], fixturefunc\n            )\n            generator = fixturefunc(**kwargs)\n            try:\n                fixture_result = next(generator)\n            except StopIteration:\n                raise ValueError(f\"{request.fixturename} did not yield a value\") from None\n            finalizer = functools.partial(_teardown_yield_fixture, fixturefunc, generator)\n            request.addfinalizer(finalizer)\n        else:\n            fixturefunc = cast(Callable[..., FixtureValue], fixturefunc)\n>           fixture_result = fixturefunc(**kwargs)\n\n../../../.cache/pypoetry/virtualenvs/uk-bin-collection-EwS6Gn8s-py3.12/lib/python3.12/site-packages/_pytest/fixtures.py:897: \n_ _ _ _ _ _ _ _ _ _ _ _ _ _ _ _ _ _ _ _ _ _ _ _ _ _ _ _ _ _ _ _ _ _ _ _ _ _ _ _ \nuk_bin_collection/tests/step_defs/test_validate_council.py:100: in scrape_step\n    context.parse_result = CollectData.run()\nuk_bin_collection/uk_bin_collection/collect_data.py:101: in run\n    return self.client_code(\nuk_bin_collection/uk_bin_collection/collect_data.py:121: in client_code\n    return get_bin_data_class.template_method(address_url, **kwargs)\nuk_bin_collection/uk_bin_collection/get_bin_data.py:61: in template_method\n    bin_data_dict = self.get_and_parse_data(this_url, **kwargs)\nuk_bin_collection/uk_bin_collection/get_bin_data.py:84: in get_and_parse_data\n    bin_data_dict = self.parse_data(\"\", url=address_url, **kwargs)\nuk_bin_collection/uk_bin_collection/councils/KirkleesCouncil.py:41: in parse_data\n    return self._parse_data(*args, **kwargs)\nuk_bin_collection/uk_bin_collection/councils/KirkleesCouncil.py:74: in _parse_data\n    wait_for_element(\nuk_bin_collection/uk_bin_collection/councils/KirkleesCouncil.py:18: in wait_for_element\n    wait_for_element_conditions(driver, element_present, timeout=timeout)\nuk_bin_collection/uk_bin_collection/councils/KirkleesCouncil.py:23: in wait_for_element_conditions\n    WebDriverWait(driver, timeout).until(conditions)\n_ _ _ _ _ _ _ _ _ _ _ _ _ _ _ _ _ _ _ _ _ _ _ _ _ _ _ _ _ _ _ _ _ _ _ _ _ _ _ _ \n\nself = <selenium.webdriver.support.wait.WebDriverWait (session=\"c1d2c6f8be9e7300334c3ac458051cd9\")>\nmethod = <function presence_of_element_located.<locals>._predicate at 0x7f807fc93380>\nmessage = ''\n\n    def until(self, method: Callable[[D], Union[Literal[False], T]], message: str = \"\") -> T:\n        \"\"\"Calls the method provided with the driver as an argument until the \\\n        return value does not evaluate to ``False``.\n    \n        :param method: callable(WebDriver)\n        :param message: optional message for :exc:`TimeoutException`\n        :returns: the result of the last call to `method`\n        :raises: :exc:`selenium.common.exceptions.TimeoutException` if timeout occurs\n        \"\"\"\n        screen = None\n        stacktrace = None\n    \n        end_time = time.monotonic() + self._timeout\n        while True:\n            try:\n                value = method(self._driver)\n                if value:\n                    return value\n            except self._ignored_exceptions as exc:\n                screen = getattr(exc, \"screen\", None)\n                stacktrace = getattr(exc, \"stacktrace\", None)\n            time.sleep(self._poll)\n            if time.monotonic() > end_time:\n                break\n>       raise TimeoutException(message, screen, stacktrace)\nE       selenium.common.exceptions.TimeoutException: Message: \nE       Stacktrace:\nE       #0 0x562a997086ba <unknown>\nE       #1 0x562a993d8730 <unknown>\nE       #2 0x562a99427d9b <unknown>\nE       #3 0x562a99428081 <unknown>\nE       #4 0x562a9946bcd4 <unknown>\nE       #5 0x562a9944aa7d <unknown>\nE       #6 0x562a994691ca <unknown>\nE       #7 0x562a9944a7f3 <unknown>\nE       #8 0x562a9941aec9 <unknown>\nE       #9 0x562a9941b91e <unknown>\nE       #10 0x562a996ce9eb <unknown>\nE       #11 0x562a996d2972 <unknown>\nE       #12 0x562a996bbe15 <unknown>\nE       #13 0x562a996d3502 <unknown>\nE       #14 0x562a996a0d2f <unknown>\nE       #15 0x562a996f7578 <unknown>\nE       #16 0x562a996f7750 <unknown>\nE       #17 0x562a9970748c <unknown>\nE       #18 0x7fcf514fca94 <unknown>\nE       #19 0x7fcf51589a34 __clone\n\n../../../.cache/pypoetry/virtualenvs/uk-bin-collection-EwS6Gn8s-py3.12/lib/python3.12/site-packages/selenium/webdriver/support/wait.py:105: TimeoutException","flaky":false,"newFailed":false,"newBroken":false,"newPassed":false,"retriesCount":0,"retriesStatusChange":false,"beforeStages":[],"testStage":{"status":"failed","statusMessage":"selenium.common.exceptions.TimeoutException: Message: \nStacktrace:\n#0 0x562a997086ba <unknown>\n#1 0x562a993d8730 <unknown>\n#2 0x562a99427d9b <unknown>\n#3 0x562a99428081 <unknown>\n#4 0x562a9946bcd4 <unknown>\n#5 0x562a9944aa7d <unknown>\n#6 0x562a994691ca <unknown>\n#7 0x562a9944a7f3 <unknown>\n#8 0x562a9941aec9 <unknown>\n#9 0x562a9941b91e <unknown>\n#10 0x562a996ce9eb <unknown>\n#11 0x562a996d2972 <unknown>\n#12 0x562a996bbe15 <unknown>\n#13 0x562a996d3502 <unknown>\n#14 0x562a996a0d2f <unknown>\n#15 0x562a996f7578 <unknown>\n#16 0x562a996f7750 <unknown>\n#17 0x562a9970748c <unknown>\n#18 0x7fcf514fca94 <unknown>\n#19 0x7fcf51589a34 __clone","statusTrace":"fixturefunc = <function scrape_step at 0x7f80802a2a20>\nrequest = <FixtureRequest for <Function test_scenario_outline[KirkleesCouncil]>>\nkwargs = {'context': <test_validate_council.Context object at 0x7f8080f48170>, 'headless_mode': 'True', 'local_browser': 'False', 'selenium_url': 'http://localhost:4444'}\n\n    def call_fixture_func(\n        fixturefunc: _FixtureFunc[FixtureValue], request: FixtureRequest, kwargs\n    ) -> FixtureValue:\n        if is_generator(fixturefunc):\n            fixturefunc = cast(\n                Callable[..., Generator[FixtureValue, None, None]], fixturefunc\n            )\n            generator = fixturefunc(**kwargs)\n            try:\n                fixture_result = next(generator)\n            except StopIteration:\n                raise ValueError(f\"{request.fixturename} did not yield a value\") from None\n            finalizer = functools.partial(_teardown_yield_fixture, fixturefunc, generator)\n            request.addfinalizer(finalizer)\n        else:\n            fixturefunc = cast(Callable[..., FixtureValue], fixturefunc)\n>           fixture_result = fixturefunc(**kwargs)\n\n../../../.cache/pypoetry/virtualenvs/uk-bin-collection-EwS6Gn8s-py3.12/lib/python3.12/site-packages/_pytest/fixtures.py:897: \n_ _ _ _ _ _ _ _ _ _ _ _ _ _ _ _ _ _ _ _ _ _ _ _ _ _ _ _ _ _ _ _ _ _ _ _ _ _ _ _ \nuk_bin_collection/tests/step_defs/test_validate_council.py:100: in scrape_step\n    context.parse_result = CollectData.run()\nuk_bin_collection/uk_bin_collection/collect_data.py:101: in run\n    return self.client_code(\nuk_bin_collection/uk_bin_collection/collect_data.py:121: in client_code\n    return get_bin_data_class.template_method(address_url, **kwargs)\nuk_bin_collection/uk_bin_collection/get_bin_data.py:61: in template_method\n    bin_data_dict = self.get_and_parse_data(this_url, **kwargs)\nuk_bin_collection/uk_bin_collection/get_bin_data.py:84: in get_and_parse_data\n    bin_data_dict = self.parse_data(\"\", url=address_url, **kwargs)\nuk_bin_collection/uk_bin_collection/councils/KirkleesCouncil.py:41: in parse_data\n    return self._parse_data(*args, **kwargs)\nuk_bin_collection/uk_bin_collection/councils/KirkleesCouncil.py:74: in _parse_data\n    wait_for_element(\nuk_bin_collection/uk_bin_collection/councils/KirkleesCouncil.py:18: in wait_for_element\n    wait_for_element_conditions(driver, element_present, timeout=timeout)\nuk_bin_collection/uk_bin_collection/councils/KirkleesCouncil.py:23: in wait_for_element_conditions\n    WebDriverWait(driver, timeout).until(conditions)\n_ _ _ _ _ _ _ _ _ _ _ _ _ _ _ _ _ _ _ _ _ _ _ _ _ _ _ _ _ _ _ _ _ _ _ _ _ _ _ _ \n\nself = <selenium.webdriver.support.wait.WebDriverWait (session=\"c1d2c6f8be9e7300334c3ac458051cd9\")>\nmethod = <function presence_of_element_located.<locals>._predicate at 0x7f807fc93380>\nmessage = ''\n\n    def until(self, method: Callable[[D], Union[Literal[False], T]], message: str = \"\") -> T:\n        \"\"\"Calls the method provided with the driver as an argument until the \\\n        return value does not evaluate to ``False``.\n    \n        :param method: callable(WebDriver)\n        :param message: optional message for :exc:`TimeoutException`\n        :returns: the result of the last call to `method`\n        :raises: :exc:`selenium.common.exceptions.TimeoutException` if timeout occurs\n        \"\"\"\n        screen = None\n        stacktrace = None\n    \n        end_time = time.monotonic() + self._timeout\n        while True:\n            try:\n                value = method(self._driver)\n                if value:\n                    return value\n            except self._ignored_exceptions as exc:\n                screen = getattr(exc, \"screen\", None)\n                stacktrace = getattr(exc, \"stacktrace\", None)\n            time.sleep(self._poll)\n            if time.monotonic() > end_time:\n                break\n>       raise TimeoutException(message, screen, stacktrace)\nE       selenium.common.exceptions.TimeoutException: Message: \nE       Stacktrace:\nE       #0 0x562a997086ba <unknown>\nE       #1 0x562a993d8730 <unknown>\nE       #2 0x562a99427d9b <unknown>\nE       #3 0x562a99428081 <unknown>\nE       #4 0x562a9946bcd4 <unknown>\nE       #5 0x562a9944aa7d <unknown>\nE       #6 0x562a994691ca <unknown>\nE       #7 0x562a9944a7f3 <unknown>\nE       #8 0x562a9941aec9 <unknown>\nE       #9 0x562a9941b91e <unknown>\nE       #10 0x562a996ce9eb <unknown>\nE       #11 0x562a996d2972 <unknown>\nE       #12 0x562a996bbe15 <unknown>\nE       #13 0x562a996d3502 <unknown>\nE       #14 0x562a996a0d2f <unknown>\nE       #15 0x562a996f7578 <unknown>\nE       #16 0x562a996f7750 <unknown>\nE       #17 0x562a9970748c <unknown>\nE       #18 0x7fcf514fca94 <unknown>\nE       #19 0x7fcf51589a34 __clone\n\n../../../.cache/pypoetry/virtualenvs/uk-bin-collection-EwS6Gn8s-py3.12/lib/python3.12/site-packages/selenium/webdriver/support/wait.py:105: TimeoutException","steps":[{"name":"Given the council","time":{"start":1722988689077,"stop":1722988689078,"duration":1},"status":"passed","steps":[],"attachments":[],"parameters":[],"shouldDisplayMessage":false,"stepsCount":0,"attachmentsCount":0,"hasContent":false,"attachmentStep":false},{"name":"When we scrape the data from the council","time":{"start":1722988689078,"stop":1722988706735,"duration":17657},"status":"failed","statusMessage":"Message: \nStacktrace:\n#0 0x562a997086ba <unknown>\n#1 0x562a993d8730 <unknown>\n#2 0x562a99427d9b <unknown>\n#3 0x562a99428081 <unknown>\n#4 0x562a9946bcd4 <unknown>\n#5 0x562a9944aa7d <unknown>\n#6 0x562a994691ca <unknown>\n#7 0x562a9944a7f3 <unknown>\n#8 0x562a9941aec9 <unknown>\n#9 0x562a9941b91e <unknown>\n#10 0x562a996ce9eb <unknown>\n#11 0x562a996d2972 <unknown>\n#12 0x562a996bbe15 <unknown>\n#13 0x562a996d3502 <unknown>\n#14 0x562a996a0d2f <unknown>\n#15 0x562a996f7578 <unknown>\n#16 0x562a996f7750 <unknown>\n#17 0x562a9970748c <unknown>\n#18 0x7fcf514fca94 <unknown>\n#19 0x7fcf51589a34 __clone\n","statusTrace":"selenium.common.exceptions.TimeoutException: Message: \nStacktrace:\n#0 0x562a997086ba <unknown>\n#1 0x562a993d8730 <unknown>\n#2 0x562a99427d9b <unknown>\n#3 0x562a99428081 <unknown>\n#4 0x562a9946bcd4 <unknown>\n#5 0x562a9944aa7d <unknown>\n#6 0x562a994691ca <unknown>\n#7 0x562a9944a7f3 <unknown>\n#8 0x562a9941aec9 <unknown>\n#9 0x562a9941b91e <unknown>\n#10 0x562a996ce9eb <unknown>\n#11 0x562a996d2972 <unknown>\n#12 0x562a996bbe15 <unknown>\n#13 0x562a996d3502 <unknown>\n#14 0x562a996a0d2f <unknown>\n#15 0x562a996f7578 <unknown>\n#16 0x562a996f7750 <unknown>\n#17 0x562a9970748c <unknown>\n#18 0x7fcf514fca94 <unknown>\n#19 0x7fcf51589a34 __clone\n\n","steps":[],"attachments":[],"parameters":[],"shouldDisplayMessage":true,"stepsCount":0,"attachmentsCount":0,"hasContent":true,"attachmentStep":false}],"attachments":[{"uid":"745142b7b90d1753","name":"stdout","source":"745142b7b90d1753.txt","type":"text/plain","size":77}],"parameters":[],"shouldDisplayMessage":true,"stepsCount":2,"attachmentsCount":1,"hasContent":true,"attachmentStep":false},"afterStages":[],"labels":[{"name":"host","value":"fv-az1984-724"},{"name":"thread","value":"2674-MainThread"},{"name":"framework","value":"pytest-bdd"},{"name":"language","value":"cpython3"},{"name":"feature","value":"Test each council output matches expected results"},{"name":"resultFormat","value":"allure2"}],"parameters":[{"name":"council","value":"KirkleesCouncil"}],"links":[],"hidden":false,"retry":false,"extra":{"severity":"normal","retries":[],"categories":[{"name":"Product defects","matchedStatuses":[],"flaky":false}],"history":{"statistic":{"failed":3,"broken":0,"skipped":0,"passed":0,"unknown":0,"total":3},"items":[{"uid":"7d1e0ca5fac679d","reportUrl":"https://Nextures.github.io/UKBinCollectionData/3.12/2//#testresult/7d1e0ca5fac679d","status":"failed","statusDetails":"selenium.common.exceptions.TimeoutException: Message: \nStacktrace:\n#0 0x564c87e216ba <unknown>\n#1 0x564c87af1730 <unknown>\n#2 0x564c87b40d9b <unknown>\n#3 0x564c87b41081 <unknown>\n#4 0x564c87b84cd4 <unknown>\n#5 0x564c87b63a7d <unknown>\n#6 0x564c87b821ca <unknown>\n#7 0x564c87b637f3 <unknown>\n#8 0x564c87b33ec9 <unknown>\n#9 0x564c87b3491e <unknown>\n#10 0x564c87de79eb <unknown>\n#11 0x564c87deb972 <unknown>\n#12 0x564c87dd4e15 <unknown>\n#13 0x564c87dec502 <unknown>\n#14 0x564c87db9d2f <unknown>\n#15 0x564c87e10578 <unknown>\n#16 0x564c87e10750 <unknown>\n#17 0x564c87e2048c <unknown>\n#18 0x7fe314e15a94 <unknown>\n#19 0x7fe314ea2a34 __clone","time":{"start":1722986226056,"stop":1722986259012,"duration":32956}},{"uid":"b7ae1f6661ebe484","reportUrl":"https://Nextures.github.io/UKBinCollectionData/3.12/1//#testresult/b7ae1f6661ebe484","status":"failed","statusDetails":"selenium.common.exceptions.TimeoutException: Message: \nStacktrace:\n#0 0x55fd3d30d6ba <unknown>\n#1 0x55fd3cfdd730 <unknown>\n#2 0x55fd3d02cd9b <unknown>\n#3 0x55fd3d02d081 <unknown>\n#4 0x55fd3d070cd4 <unknown>\n#5 0x55fd3d04fa7d <unknown>\n#6 0x55fd3d06e1ca <unknown>\n#7 0x55fd3d04f7f3 <unknown>\n#8 0x55fd3d01fec9 <unknown>\n#9 0x55fd3d02091e <unknown>\n#10 0x55fd3d2d39eb <unknown>\n#11 0x55fd3d2d7972 <unknown>\n#12 0x55fd3d2c0e15 <unknown>\n#13 0x55fd3d2d8502 <unknown>\n#14 0x55fd3d2a5d2f <unknown>\n#15 0x55fd3d2fc578 <unknown>\n#16 0x55fd3d2fc750 <unknown>\n#17 0x55fd3d30c48c <unknown>\n#18 0x7f7fb0b66a94 <unknown>\n#19 0x7f7fb0bf3a34 __clone","time":{"start":1722956581303,"stop":1722956627010,"duration":45707}}]},"tags":[]},"source":"124129c19810a0b3.json","parameterValues":["KirkleesCouncil"]}