{"uid":"a9c591bcb23269fa","name":"Validate Council Output [KirkleesCouncil]","fullName":"features/validate_council_outputs.feature:Validate Council Output","historyId":"2f6e35714aa3faf6e527401d2be1436f","time":{"start":1722998556442,"stop":1722998654776,"duration":98334},"status":"failed","statusMessage":"selenium.common.exceptions.TimeoutException: Message: \nStacktrace:\n#0 0x55a8bfe126ba <unknown>\n#1 0x55a8bfae2730 <unknown>\n#2 0x55a8bfb31d9b <unknown>\n#3 0x55a8bfb32081 <unknown>\n#4 0x55a8bfb75cd4 <unknown>\n#5 0x55a8bfb54a7d <unknown>\n#6 0x55a8bfb731ca <unknown>\n#7 0x55a8bfb547f3 <unknown>\n#8 0x55a8bfb24ec9 <unknown>\n#9 0x55a8bfb2591e <unknown>\n#10 0x55a8bfdd89eb <unknown>\n#11 0x55a8bfddc972 <unknown>\n#12 0x55a8bfdc5e15 <unknown>\n#13 0x55a8bfddd502 <unknown>\n#14 0x55a8bfdaad2f <unknown>\n#15 0x55a8bfe01578 <unknown>\n#16 0x55a8bfe01750 <unknown>\n#17 0x55a8bfe1148c <unknown>\n#18 0x7f75eb3e0a94 <unknown>\n#19 0x7f75eb46da34 __clone","statusTrace":"fixturefunc = <function scrape_step at 0x7f1ba0bf8f40>\nrequest = <FixtureRequest for <Function test_scenario_outline[KirkleesCouncil]>>\nkwargs = {'context': <test_validate_council.Context object at 0x7f1ba0a76350>, 'headless_mode': 'True', 'local_browser': 'False', 'selenium_url': 'http://localhost:4444'}\n\n    def call_fixture_func(\n        fixturefunc: _FixtureFunc[FixtureValue], request: FixtureRequest, kwargs\n    ) -> FixtureValue:\n        if is_generator(fixturefunc):\n            fixturefunc = cast(\n                Callable[..., Generator[FixtureValue, None, None]], fixturefunc\n            )\n            generator = fixturefunc(**kwargs)\n            try:\n                fixture_result = next(generator)\n            except StopIteration:\n                raise ValueError(f\"{request.fixturename} did not yield a value\") from None\n            finalizer = functools.partial(_teardown_yield_fixture, fixturefunc, generator)\n            request.addfinalizer(finalizer)\n        else:\n            fixturefunc = cast(Callable[..., FixtureValue], fixturefunc)\n>           fixture_result = fixturefunc(**kwargs)\n\n../../../.cache/pypoetry/virtualenvs/uk-bin-collection-EwS6Gn8s-py3.11/lib/python3.11/site-packages/_pytest/fixtures.py:897: \n_ _ _ _ _ _ _ _ _ _ _ _ _ _ _ _ _ _ _ _ _ _ _ _ _ _ _ _ _ _ _ _ _ _ _ _ _ _ _ _ \nuk_bin_collection/tests/step_defs/test_validate_council.py:100: in scrape_step\n    context.parse_result = CollectData.run()\nuk_bin_collection/uk_bin_collection/collect_data.py:101: in run\n    return self.client_code(\nuk_bin_collection/uk_bin_collection/collect_data.py:121: in client_code\n    return get_bin_data_class.template_method(address_url, **kwargs)\nuk_bin_collection/uk_bin_collection/get_bin_data.py:61: in template_method\n    bin_data_dict = self.get_and_parse_data(this_url, **kwargs)\nuk_bin_collection/uk_bin_collection/get_bin_data.py:84: in get_and_parse_data\n    bin_data_dict = self.parse_data(\"\", url=address_url, **kwargs)\nuk_bin_collection/uk_bin_collection/councils/KirkleesCouncil.py:41: in parse_data\n    return self._parse_data(*args, **kwargs)\nuk_bin_collection/uk_bin_collection/councils/KirkleesCouncil.py:74: in _parse_data\n    wait_for_element(\nuk_bin_collection/uk_bin_collection/councils/KirkleesCouncil.py:18: in wait_for_element\n    wait_for_element_conditions(driver, element_present, timeout=timeout)\nuk_bin_collection/uk_bin_collection/councils/KirkleesCouncil.py:23: in wait_for_element_conditions\n    WebDriverWait(driver, timeout).until(conditions)\n_ _ _ _ _ _ _ _ _ _ _ _ _ _ _ _ _ _ _ _ _ _ _ _ _ _ _ _ _ _ _ _ _ _ _ _ _ _ _ _ \n\nself = <selenium.webdriver.support.wait.WebDriverWait (session=\"49308d73f1a8c05cf46a68ac95091284\")>\nmethod = <function presence_of_element_located.<locals>._predicate at 0x7f1ba08d1da0>\nmessage = ''\n\n    def until(self, method: Callable[[D], Union[Literal[False], T]], message: str = \"\") -> T:\n        \"\"\"Calls the method provided with the driver as an argument until the \\\n        return value does not evaluate to ``False``.\n    \n        :param method: callable(WebDriver)\n        :param message: optional message for :exc:`TimeoutException`\n        :returns: the result of the last call to `method`\n        :raises: :exc:`selenium.common.exceptions.TimeoutException` if timeout occurs\n        \"\"\"\n        screen = None\n        stacktrace = None\n    \n        end_time = time.monotonic() + self._timeout\n        while True:\n            try:\n                value = method(self._driver)\n                if value:\n                    return value\n            except self._ignored_exceptions as exc:\n                screen = getattr(exc, \"screen\", None)\n                stacktrace = getattr(exc, \"stacktrace\", None)\n            time.sleep(self._poll)\n            if time.monotonic() > end_time:\n                break\n>       raise TimeoutException(message, screen, stacktrace)\nE       selenium.common.exceptions.TimeoutException: Message: \nE       Stacktrace:\nE       #0 0x55a8bfe126ba <unknown>\nE       #1 0x55a8bfae2730 <unknown>\nE       #2 0x55a8bfb31d9b <unknown>\nE       #3 0x55a8bfb32081 <unknown>\nE       #4 0x55a8bfb75cd4 <unknown>\nE       #5 0x55a8bfb54a7d <unknown>\nE       #6 0x55a8bfb731ca <unknown>\nE       #7 0x55a8bfb547f3 <unknown>\nE       #8 0x55a8bfb24ec9 <unknown>\nE       #9 0x55a8bfb2591e <unknown>\nE       #10 0x55a8bfdd89eb <unknown>\nE       #11 0x55a8bfddc972 <unknown>\nE       #12 0x55a8bfdc5e15 <unknown>\nE       #13 0x55a8bfddd502 <unknown>\nE       #14 0x55a8bfdaad2f <unknown>\nE       #15 0x55a8bfe01578 <unknown>\nE       #16 0x55a8bfe01750 <unknown>\nE       #17 0x55a8bfe1148c <unknown>\nE       #18 0x7f75eb3e0a94 <unknown>\nE       #19 0x7f75eb46da34 __clone\n\n../../../.cache/pypoetry/virtualenvs/uk-bin-collection-EwS6Gn8s-py3.11/lib/python3.11/site-packages/selenium/webdriver/support/wait.py:105: TimeoutException","flaky":false,"newFailed":false,"newBroken":false,"newPassed":false,"retriesCount":0,"retriesStatusChange":false,"beforeStages":[],"testStage":{"status":"failed","statusMessage":"selenium.common.exceptions.TimeoutException: Message: \nStacktrace:\n#0 0x55a8bfe126ba <unknown>\n#1 0x55a8bfae2730 <unknown>\n#2 0x55a8bfb31d9b <unknown>\n#3 0x55a8bfb32081 <unknown>\n#4 0x55a8bfb75cd4 <unknown>\n#5 0x55a8bfb54a7d <unknown>\n#6 0x55a8bfb731ca <unknown>\n#7 0x55a8bfb547f3 <unknown>\n#8 0x55a8bfb24ec9 <unknown>\n#9 0x55a8bfb2591e <unknown>\n#10 0x55a8bfdd89eb <unknown>\n#11 0x55a8bfddc972 <unknown>\n#12 0x55a8bfdc5e15 <unknown>\n#13 0x55a8bfddd502 <unknown>\n#14 0x55a8bfdaad2f <unknown>\n#15 0x55a8bfe01578 <unknown>\n#16 0x55a8bfe01750 <unknown>\n#17 0x55a8bfe1148c <unknown>\n#18 0x7f75eb3e0a94 <unknown>\n#19 0x7f75eb46da34 __clone","statusTrace":"fixturefunc = <function scrape_step at 0x7f1ba0bf8f40>\nrequest = <FixtureRequest for <Function test_scenario_outline[KirkleesCouncil]>>\nkwargs = {'context': <test_validate_council.Context object at 0x7f1ba0a76350>, 'headless_mode': 'True', 'local_browser': 'False', 'selenium_url': 'http://localhost:4444'}\n\n    def call_fixture_func(\n        fixturefunc: _FixtureFunc[FixtureValue], request: FixtureRequest, kwargs\n    ) -> FixtureValue:\n        if is_generator(fixturefunc):\n            fixturefunc = cast(\n                Callable[..., Generator[FixtureValue, None, None]], fixturefunc\n            )\n            generator = fixturefunc(**kwargs)\n            try:\n                fixture_result = next(generator)\n            except StopIteration:\n                raise ValueError(f\"{request.fixturename} did not yield a value\") from None\n            finalizer = functools.partial(_teardown_yield_fixture, fixturefunc, generator)\n            request.addfinalizer(finalizer)\n        else:\n            fixturefunc = cast(Callable[..., FixtureValue], fixturefunc)\n>           fixture_result = fixturefunc(**kwargs)\n\n../../../.cache/pypoetry/virtualenvs/uk-bin-collection-EwS6Gn8s-py3.11/lib/python3.11/site-packages/_pytest/fixtures.py:897: \n_ _ _ _ _ _ _ _ _ _ _ _ _ _ _ _ _ _ _ _ _ _ _ _ _ _ _ _ _ _ _ _ _ _ _ _ _ _ _ _ \nuk_bin_collection/tests/step_defs/test_validate_council.py:100: in scrape_step\n    context.parse_result = CollectData.run()\nuk_bin_collection/uk_bin_collection/collect_data.py:101: in run\n    return self.client_code(\nuk_bin_collection/uk_bin_collection/collect_data.py:121: in client_code\n    return get_bin_data_class.template_method(address_url, **kwargs)\nuk_bin_collection/uk_bin_collection/get_bin_data.py:61: in template_method\n    bin_data_dict = self.get_and_parse_data(this_url, **kwargs)\nuk_bin_collection/uk_bin_collection/get_bin_data.py:84: in get_and_parse_data\n    bin_data_dict = self.parse_data(\"\", url=address_url, **kwargs)\nuk_bin_collection/uk_bin_collection/councils/KirkleesCouncil.py:41: in parse_data\n    return self._parse_data(*args, **kwargs)\nuk_bin_collection/uk_bin_collection/councils/KirkleesCouncil.py:74: in _parse_data\n    wait_for_element(\nuk_bin_collection/uk_bin_collection/councils/KirkleesCouncil.py:18: in wait_for_element\n    wait_for_element_conditions(driver, element_present, timeout=timeout)\nuk_bin_collection/uk_bin_collection/councils/KirkleesCouncil.py:23: in wait_for_element_conditions\n    WebDriverWait(driver, timeout).until(conditions)\n_ _ _ _ _ _ _ _ _ _ _ _ _ _ _ _ _ _ _ _ _ _ _ _ _ _ _ _ _ _ _ _ _ _ _ _ _ _ _ _ \n\nself = <selenium.webdriver.support.wait.WebDriverWait (session=\"49308d73f1a8c05cf46a68ac95091284\")>\nmethod = <function presence_of_element_located.<locals>._predicate at 0x7f1ba08d1da0>\nmessage = ''\n\n    def until(self, method: Callable[[D], Union[Literal[False], T]], message: str = \"\") -> T:\n        \"\"\"Calls the method provided with the driver as an argument until the \\\n        return value does not evaluate to ``False``.\n    \n        :param method: callable(WebDriver)\n        :param message: optional message for :exc:`TimeoutException`\n        :returns: the result of the last call to `method`\n        :raises: :exc:`selenium.common.exceptions.TimeoutException` if timeout occurs\n        \"\"\"\n        screen = None\n        stacktrace = None\n    \n        end_time = time.monotonic() + self._timeout\n        while True:\n            try:\n                value = method(self._driver)\n                if value:\n                    return value\n            except self._ignored_exceptions as exc:\n                screen = getattr(exc, \"screen\", None)\n                stacktrace = getattr(exc, \"stacktrace\", None)\n            time.sleep(self._poll)\n            if time.monotonic() > end_time:\n                break\n>       raise TimeoutException(message, screen, stacktrace)\nE       selenium.common.exceptions.TimeoutException: Message: \nE       Stacktrace:\nE       #0 0x55a8bfe126ba <unknown>\nE       #1 0x55a8bfae2730 <unknown>\nE       #2 0x55a8bfb31d9b <unknown>\nE       #3 0x55a8bfb32081 <unknown>\nE       #4 0x55a8bfb75cd4 <unknown>\nE       #5 0x55a8bfb54a7d <unknown>\nE       #6 0x55a8bfb731ca <unknown>\nE       #7 0x55a8bfb547f3 <unknown>\nE       #8 0x55a8bfb24ec9 <unknown>\nE       #9 0x55a8bfb2591e <unknown>\nE       #10 0x55a8bfdd89eb <unknown>\nE       #11 0x55a8bfddc972 <unknown>\nE       #12 0x55a8bfdc5e15 <unknown>\nE       #13 0x55a8bfddd502 <unknown>\nE       #14 0x55a8bfdaad2f <unknown>\nE       #15 0x55a8bfe01578 <unknown>\nE       #16 0x55a8bfe01750 <unknown>\nE       #17 0x55a8bfe1148c <unknown>\nE       #18 0x7f75eb3e0a94 <unknown>\nE       #19 0x7f75eb46da34 __clone\n\n../../../.cache/pypoetry/virtualenvs/uk-bin-collection-EwS6Gn8s-py3.11/lib/python3.11/site-packages/selenium/webdriver/support/wait.py:105: TimeoutException","steps":[{"name":"Given the council","time":{"start":1722998556442,"stop":1722998556443,"duration":1},"status":"passed","steps":[],"attachments":[],"parameters":[],"hasContent":false,"attachmentStep":false,"shouldDisplayMessage":false,"stepsCount":0,"attachmentsCount":0},{"name":"When we scrape the data from the council","time":{"start":1722998556443,"stop":1722998654776,"duration":98333},"status":"failed","statusMessage":"Message: \nStacktrace:\n#0 0x55a8bfe126ba <unknown>\n#1 0x55a8bfae2730 <unknown>\n#2 0x55a8bfb31d9b <unknown>\n#3 0x55a8bfb32081 <unknown>\n#4 0x55a8bfb75cd4 <unknown>\n#5 0x55a8bfb54a7d <unknown>\n#6 0x55a8bfb731ca <unknown>\n#7 0x55a8bfb547f3 <unknown>\n#8 0x55a8bfb24ec9 <unknown>\n#9 0x55a8bfb2591e <unknown>\n#10 0x55a8bfdd89eb <unknown>\n#11 0x55a8bfddc972 <unknown>\n#12 0x55a8bfdc5e15 <unknown>\n#13 0x55a8bfddd502 <unknown>\n#14 0x55a8bfdaad2f <unknown>\n#15 0x55a8bfe01578 <unknown>\n#16 0x55a8bfe01750 <unknown>\n#17 0x55a8bfe1148c <unknown>\n#18 0x7f75eb3e0a94 <unknown>\n#19 0x7f75eb46da34 __clone\n","statusTrace":"selenium.common.exceptions.TimeoutException: Message: \nStacktrace:\n#0 0x55a8bfe126ba <unknown>\n#1 0x55a8bfae2730 <unknown>\n#2 0x55a8bfb31d9b <unknown>\n#3 0x55a8bfb32081 <unknown>\n#4 0x55a8bfb75cd4 <unknown>\n#5 0x55a8bfb54a7d <unknown>\n#6 0x55a8bfb731ca <unknown>\n#7 0x55a8bfb547f3 <unknown>\n#8 0x55a8bfb24ec9 <unknown>\n#9 0x55a8bfb2591e <unknown>\n#10 0x55a8bfdd89eb <unknown>\n#11 0x55a8bfddc972 <unknown>\n#12 0x55a8bfdc5e15 <unknown>\n#13 0x55a8bfddd502 <unknown>\n#14 0x55a8bfdaad2f <unknown>\n#15 0x55a8bfe01578 <unknown>\n#16 0x55a8bfe01750 <unknown>\n#17 0x55a8bfe1148c <unknown>\n#18 0x7f75eb3e0a94 <unknown>\n#19 0x7f75eb46da34 __clone\n\n","steps":[],"attachments":[],"parameters":[],"hasContent":true,"attachmentStep":false,"shouldDisplayMessage":true,"stepsCount":0,"attachmentsCount":0}],"attachments":[{"uid":"1869272b6445d48d","name":"stdout","source":"1869272b6445d48d.txt","type":"text/plain","size":77}],"parameters":[],"hasContent":true,"attachmentStep":false,"shouldDisplayMessage":true,"stepsCount":2,"attachmentsCount":1},"afterStages":[],"labels":[{"name":"host","value":"fv-az1771-943"},{"name":"thread","value":"2690-MainThread"},{"name":"framework","value":"pytest-bdd"},{"name":"language","value":"cpython3"},{"name":"feature","value":"Test each council output matches expected results"},{"name":"resultFormat","value":"allure2"}],"parameters":[{"name":"council","value":"KirkleesCouncil"}],"links":[],"hidden":false,"retry":false,"extra":{"severity":"normal","retries":[],"categories":[{"name":"Product defects","matchedStatuses":[],"flaky":false}],"history":{"statistic":{"failed":4,"broken":0,"skipped":0,"passed":0,"unknown":0,"total":4},"items":[{"uid":"76c934faa9dd16c4","reportUrl":"https://Nextures.github.io/UKBinCollectionData/3.11/3//#testresult/76c934faa9dd16c4","status":"failed","statusDetails":"selenium.common.exceptions.TimeoutException: Message: \nStacktrace:\n#0 0x562eac47c6ba <unknown>\n#1 0x562eac14c730 <unknown>\n#2 0x562eac19bd9b <unknown>\n#3 0x562eac19c081 <unknown>\n#4 0x562eac1dfcd4 <unknown>\n#5 0x562eac1bea7d <unknown>\n#6 0x562eac1dd1ca <unknown>\n#7 0x562eac1be7f3 <unknown>\n#8 0x562eac18eec9 <unknown>\n#9 0x562eac18f91e <unknown>\n#10 0x562eac4429eb <unknown>\n#11 0x562eac446972 <unknown>\n#12 0x562eac42fe15 <unknown>\n#13 0x562eac447502 <unknown>\n#14 0x562eac414d2f <unknown>\n#15 0x562eac46b578 <unknown>\n#16 0x562eac46b750 <unknown>\n#17 0x562eac47b48c <unknown>\n#18 0x7ff7f6aefa94 <unknown>\n#19 0x7ff7f6b7ca34 __clone","time":{"start":1722988696363,"stop":1722988782504,"duration":86141}},{"uid":"94e33ae3c1ba9931","reportUrl":"https://Nextures.github.io/UKBinCollectionData/3.11/2//#testresult/94e33ae3c1ba9931","status":"failed","statusDetails":"selenium.common.exceptions.TimeoutException: Message: \nStacktrace:\n#0 0x55d82613d6ba <unknown>\n#1 0x55d825e0d730 <unknown>\n#2 0x55d825e5cd9b <unknown>\n#3 0x55d825e5d081 <unknown>\n#4 0x55d825ea0cd4 <unknown>\n#5 0x55d825e7fa7d <unknown>\n#6 0x55d825e9e1ca <unknown>\n#7 0x55d825e7f7f3 <unknown>\n#8 0x55d825e4fec9 <unknown>\n#9 0x55d825e5091e <unknown>\n#10 0x55d8261039eb <unknown>\n#11 0x55d826107972 <unknown>\n#12 0x55d8260f0e15 <unknown>\n#13 0x55d826108502 <unknown>\n#14 0x55d8260d5d2f <unknown>\n#15 0x55d82612c578 <unknown>\n#16 0x55d82612c750 <unknown>\n#17 0x55d82613c48c <unknown>\n#18 0x7efe94756a94 <unknown>\n#19 0x7efe947e3a34 __clone","time":{"start":1722986271130,"stop":1722986307067,"duration":35937}},{"uid":"606934081c5b1b0a","reportUrl":"https://Nextures.github.io/UKBinCollectionData/3.11/1//#testresult/606934081c5b1b0a","status":"failed","statusDetails":"selenium.common.exceptions.TimeoutException: Message: \nStacktrace:\n#0 0x55c8927ac6ba <unknown>\n#1 0x55c89247c730 <unknown>\n#2 0x55c8924cbd9b <unknown>\n#3 0x55c8924cc081 <unknown>\n#4 0x55c89250fcd4 <unknown>\n#5 0x55c8924eea7d <unknown>\n#6 0x55c89250d1ca <unknown>\n#7 0x55c8924ee7f3 <unknown>\n#8 0x55c8924beec9 <unknown>\n#9 0x55c8924bf91e <unknown>\n#10 0x55c8927729eb <unknown>\n#11 0x55c892776972 <unknown>\n#12 0x55c89275fe15 <unknown>\n#13 0x55c892777502 <unknown>\n#14 0x55c892744d2f <unknown>\n#15 0x55c89279b578 <unknown>\n#16 0x55c89279b750 <unknown>\n#17 0x55c8927ab48c <unknown>\n#18 0x7f178121da94 <unknown>\n#19 0x7f17812aaa34 __clone","time":{"start":1722956575853,"stop":1722956641175,"duration":65322}}]},"tags":[]},"source":"a9c591bcb23269fa.json","parameterValues":["KirkleesCouncil"]}